<?xml version="1.0" encoding="UTF-8"?>
<!-- Generated by org.testng.reporters.JUnitXMLReporter -->
<testsuite ignored="0" hostname="vkzoomin996" failures="1" tests="1" name="Test(failed)" time="27.151" errors="0" timestamp="2022-11-19T19:15:24 IST">
  <testcase classname="com.inetBanking.PageTestCases.TC_AddCustomerTest_003" name="addNewCustomer" time="17.321">
    <failure type="org.openqa.selenium.UnhandledAlertException" message="unexpected alert open: {Alert text : Email Address Already Exist !!}
  (Session info: chrome=107.0.5304.107): Email Address Already Exist !!
Build info: version: &amp;apos;4.4.0&amp;apos;, revision: &amp;apos;e5c75ed026a&amp;apos;
System info: host: &amp;apos;VKZOOMIN996&amp;apos;, ip: &amp;apos;192.168.62.79&amp;apos;, os.name: &amp;apos;Windows 11&amp;apos;, os.arch: &amp;apos;amd64&amp;apos;, os.version: &amp;apos;10.0&amp;apos;, java.version: &amp;apos;11.0.17&amp;apos;
Driver info: org.openqa.selenium.chrome.ChromeDriver
Command: [931cdd9a2d2af3147a4a676201d41a4b, getTitle {}]
Capabilities {acceptInsecureCerts: false, browserName: chrome, browserVersion: 107.0.5304.107, chrome: {chromedriverVersion: 107.0.5304.62 (1eec40d3a576..., userDataDir: C:\Users\VEERES~1\AppData\L...}, goog:chromeOptions: {debuggerAddress: localhost:56405}, networkConnectionEnabled: false, pageLoadStrategy: normal, platformName: WINDOWS, proxy: Proxy(), se:cdp: ws://localhost:56405/devtoo..., se:cdpVersion: 107.0.5304.107, setWindowRect: true, strictFileInteractability: false, timeouts: {implicit: 0, pageLoad: 300000, script: 30000}, unhandledPromptBehavior: dismiss and notify, webauthn:extension:credBlob: true, webauthn:extension:largeBlob: true, webauthn:virtualAuthenticators: true}
Session ID: 931cdd9a2d2af3147a4a676201d41a4b">
      <![CDATA[org.openqa.selenium.UnhandledAlertException: unexpected alert open: {Alert text : Email Address Already Exist !!}
  (Session info: chrome=107.0.5304.107): Email Address Already Exist !!
Build info: version: '4.4.0', revision: 'e5c75ed026a'
System info: host: 'VKZOOMIN996', ip: '192.168.62.79', os.name: 'Windows 11', os.arch: 'amd64', os.version: '10.0', java.version: '11.0.17'
Driver info: org.openqa.selenium.chrome.ChromeDriver
Command: [931cdd9a2d2af3147a4a676201d41a4b, getTitle {}]
Capabilities {acceptInsecureCerts: false, browserName: chrome, browserVersion: 107.0.5304.107, chrome: {chromedriverVersion: 107.0.5304.62 (1eec40d3a576..., userDataDir: C:\Users\VEERES~1\AppData\L...}, goog:chromeOptions: {debuggerAddress: localhost:56405}, networkConnectionEnabled: false, pageLoadStrategy: normal, platformName: WINDOWS, proxy: Proxy(), se:cdp: ws://localhost:56405/devtoo..., se:cdpVersion: 107.0.5304.107, setWindowRect: true, strictFileInteractability: false, timeouts: {implicit: 0, pageLoad: 300000, script: 30000}, unhandledPromptBehavior: dismiss and notify, webauthn:extension:credBlob: true, webauthn:extension:largeBlob: true, webauthn:virtualAuthenticators: true}
Session ID: 931cdd9a2d2af3147a4a676201d41a4b
at org.openqa.selenium.remote.codec.w3c.W3CHttpResponseCodec.decode(W3CHttpResponseCodec.java:131)
at org.openqa.selenium.remote.codec.w3c.W3CHttpResponseCodec.decode(W3CHttpResponseCodec.java:53)
at org.openqa.selenium.remote.HttpCommandExecutor.execute(HttpCommandExecutor.java:184)
at org.openqa.selenium.remote.service.DriverCommandExecutor.invokeExecute(DriverCommandExecutor.java:167)
at org.openqa.selenium.remote.service.DriverCommandExecutor.execute(DriverCommandExecutor.java:142)
at org.openqa.selenium.remote.RemoteWebDriver.execute(RemoteWebDriver.java:547)
at org.openqa.selenium.remote.RemoteWebDriver.execute(RemoteWebDriver.java:602)
at org.openqa.selenium.remote.RemoteWebDriver.execute(RemoteWebDriver.java:606)
at org.openqa.selenium.remote.RemoteWebDriver.getTitle(RemoteWebDriver.java:315)
at com.inetBanking.PageTestCases.TC_AddCustomerTest_003.addNewCustomer(TC_AddCustomerTest_003.java:38)
at java.base/java.util.ArrayList.forEach(ArrayList.java:1541)
... Removed 27 stack frames]]>
    </failure>
  </testcase> <!-- addNewCustomer -->
</testsuite> <!-- Test(failed) -->
